Build started 12/3/2015 3:47:06 PM.
     1>Project "C:\Users\Preston\Source\Repos\STUFF\crafty-shark\crafty-shark\crafty-shark\crafty-shark.vcxproj" on node 2 (Build target(s)).
     1>PreBuildEvent:
         copy "C:\Users\Preston\Source\Repos\STUFF\crafty-shark\crafty-shark\crafty-shark\GL\freeglut.dll" "C:\Users\Preston\Source\Repos\STUFF\crafty-shark\crafty-shark\Debug\"
         copy "C:\Users\Preston\Source\Repos\STUFF\crafty-shark\crafty-shark\crafty-shark\FreeImage\freeimaged.dll" "C:\Users\Preston\Source\Repos\STUFF\crafty-shark\crafty-shark\Debug\"
         :VCEnd
                 1 file(s) copied.
                 1 file(s) copied.
       ClCompile:
         C:\Program Files (x86)\Microsoft Visual Studio 12.0\VC\bin\CL.exe /c /IGL /IFreeImage /ZI /nologo /W3 /WX- /sdl /Od /Oy- /D WIN32 /D _DEBUG /D _CONSOLE /D _LIB /D _UNICODE /D UNICODE /Gm /EHsc /RTC1 /MDd /GS /fp:precise /Zc:wchar_t /Zc:forScope /Fo"Debug\\" /Fd"Debug\vc120.pdb" /Gd /TP /analyze- /errorReport:prompt Source.cpp
         Source.cpp
     1>c:\users\preston\source\repos\stuff\crafty-shark\crafty-shark\crafty-shark\source.cpp(25): warning C4305: 'argument' : truncation from 'double' to 'float'
     1>c:\users\preston\source\repos\stuff\crafty-shark\crafty-shark\crafty-shark\source.cpp(43): warning C4244: 'initializing' : conversion from 'double' to 'float', possible loss of data
     1>c:\program files (x86)\microsoft visual studio 12.0\vc\include\tuple(80): warning C4244: 'initializing' : conversion from 'double' to 'float', possible loss of data
                 c:\program files (x86)\microsoft visual studio 12.0\vc\include\tuple(258) : see reference to function template instantiation 'std::_Tuple_val<_This>::_Tuple_val<_Ty>(_Other &&)' being compiled
                 with
                 [
                     _This=float
         ,            _Ty=double
         ,            _Other=double
                 ]
                 c:\program files (x86)\microsoft visual studio 12.0\vc\include\tuple(258) : see reference to function template instantiation 'std::_Tuple_val<_This>::_Tuple_val<_Ty>(_Other &&)' being compiled
                 with
                 [
                     _This=float
         ,            _Ty=double
         ,            _Other=double
                 ]
                 c:\program files (x86)\microsoft visual studio 12.0\vc\include\tuple(258) : see reference to function template instantiation 'std::tuple<float,float>::tuple<double,float,std::_Tuple_enable<std::tuple<>,std::tuple<>>::type>(std::tuple<double,float> &&)' being compiled
                 c:\program files (x86)\microsoft visual studio 12.0\vc\include\tuple(258) : see reference to function template instantiation 'std::tuple<float,float>::tuple<double,float,std::_Tuple_enable<std::tuple<>,std::tuple<>>::type>(std::tuple<double,float> &&)' being compiled
                 c:\users\preston\source\repos\stuff\crafty-shark\crafty-shark\crafty-shark\source.cpp(24) : see reference to function template instantiation 'std::tuple<float,float,float>::tuple<float,double,float,std::_Tuple_enable<std::tuple<>,std::tuple<>>::type>(std::tuple<float,double,float> &&)' being compiled
                 c:\users\preston\source\repos\stuff\crafty-shark\crafty-shark\crafty-shark\source.cpp(24) : see reference to function template instantiation 'std::tuple<float,float,float>::tuple<float,double,float,std::_Tuple_enable<std::tuple<>,std::tuple<>>::type>(std::tuple<float,double,float> &&)' being compiled
       Link:
         C:\Program Files (x86)\Microsoft Visual Studio 12.0\VC\bin\link.exe /ERRORREPORT:PROMPT /OUT:"C:\Users\Preston\Source\Repos\STUFF\crafty-shark\crafty-shark\Debug\crafty-shark.exe" /INCREMENTAL /NOLOGO /LIBPATH:GL /LIBPATH:FreeImage opengl32.lib freeglut.lib FreeImage.lib kernel32.lib user32.lib gdi32.lib winspool.lib comdlg32.lib advapi32.lib shell32.lib ole32.lib oleaut32.lib uuid.lib odbc32.lib odbccp32.lib kernel32.lib user32.lib gdi32.lib winspool.lib comdlg32.lib advapi32.lib shell32.lib ole32.lib oleaut32.lib uuid.lib odbc32.lib odbccp32.lib /MANIFEST /MANIFESTUAC:"level='asInvoker' uiAccess='false'" /manifest:embed /DEBUG /PDB:"C:\Users\Preston\Source\Repos\STUFF\crafty-shark\crafty-shark\Debug\crafty-shark.pdb" /SUBSYSTEM:CONSOLE /TLBID:1 /DYNAMICBASE /NXCOMPAT /IMPLIB:"C:\Users\Preston\Source\Repos\STUFF\crafty-shark\crafty-shark\Debug\crafty-shark.lib" /MACHINE:X86 Debug\Source.obj
         crafty-shark.vcxproj -> C:\Users\Preston\Source\Repos\STUFF\crafty-shark\crafty-shark\Debug\crafty-shark.exe
     1>Done Building Project "C:\Users\Preston\Source\Repos\STUFF\crafty-shark\crafty-shark\crafty-shark\crafty-shark.vcxproj" (Build target(s)).

Build succeeded.

Time Elapsed 00:00:00.81
